  Game.cpp
C:\Users\user\SimpleGameRepo\SimpleGame\SimpleGame\Game.cpp(41,29): warning C4244: 'argument': conversion from 'T' to 'float', possible loss of data
          with
          [
              T=unsigned int
          ]
C:\Users\user\SimpleGameRepo\SimpleGame\SimpleGame\Game.cpp(40,29): warning C4244: 'argument': conversion from 'T' to 'float', possible loss of data
          with
          [
              T=unsigned int
          ]
C:\Users\user\SimpleGameRepo\SimpleGame\SimpleGame\Game.cpp(92,31): warning C4018: '<': signed/unsigned mismatch
C:\Users\user\SimpleGameRepo\SimpleGame\SimpleGame\Game.cpp(107,20): warning C4018: '<': signed/unsigned mismatch
C:\Users\user\SimpleGameRepo\SimpleGame\SimpleGame\Game.cpp(113,20): warning C4018: '<': signed/unsigned mismatch
C:\Users\user\SimpleGameRepo\SimpleGame\SimpleGame\Game.cpp(144,20): warning C4018: '<': signed/unsigned mismatch
C:\Users\user\SimpleGameRepo\SimpleGame\SimpleGame\Game.cpp(174,20): warning C4018: '<': signed/unsigned mismatch
  SimpleGame.cpp
C:\Users\user\SimpleGameRepo\SimpleGame\SimpleGame\SimpleGame.cpp(12,15): warning C4244: 'argument': conversion from 'time_t' to 'unsigned int', possible loss of data
  SimpleWindow.cpp
  Generating Code...
  SimpleGame.vcxproj -> C:\Users\user\SimpleGameRepo\SimpleGame\Debug\SimpleGame.exe
